<?xml version="1.0" encoding="UTF-8"?>
<testsuites name="TS_AmazonHome_Validate_SerachField_001" time="34.186" tests="1" failures="0" errors="0">
   <testsuite name="TS_AmazonHome_Validate_SerachField_001" tests="1" failures="0" errors="0" time="34.186" skipped="0" timestamp="08-02-2024T09:40:43" hostname="User - DESKTOP-RHVOQ3Q" id="Test Suites/TS_AmazonHome_Validate_SerachField_001">
      <properties>
         <property name="deviceName" value=""/>
         <property name="devicePlatform" value=""/>
         <property name="logFolder" value="C:\\Users\\User\\git\\Amazon_Web_UI_Testing_001\\Reports\\20240208_094031\\TS_AmazonHome_Validate_SerachField_001\\20240208_094037"/>
         <property name="logFiles" value="C:\\Users\\User\\git\\Amazon_Web_UI_Testing_001\\Reports\\20240208_094031\\TS_AmazonHome_Validate_SerachField_001\\20240208_094037\\execution0.log"/>
         <property name="attachments" value=""/>
         <property name="hostName" value="User - DESKTOP-RHVOQ3Q"/>
         <property name="os" value="Windows 10 64bit"/>
         <property name="katalonVersion" value="9.2.0.212"/>
         <property name="browser" value="Chrome 121.0.0.0"/>
         <property name="hostAddress" value="192.168.1.11"/>
         <property name="sessionId" value="b01e57b548ede8db3617c017e73284c5"/>
         <property name="seleniumVersion" value="3.141.59"/>
         <property name="proxyInformation" value="ProxyInformation { proxyOption=NO_PROXY, proxyServerType=HTTP, username=, password=********, proxyServerAddress=, proxyServerPort=0, executionList=&quot;&quot;, isApplyToDesiredCapabilities=true }"/>
         <property name="platform" value="Windows 10"/>
      </properties>
      <testcase name="Test Cases/TC_AmazonHome_Validate_SearchField_001" time="33.945" classname="Test Cases/TC_AmazonHome_Validate_SearchField_001" status="PASSED">
         <system-out><![CDATA[08-02-2024T09:40:43 - [TEST_CASE][PASSED] - Test Cases/TC_AmazonHome_Validate_SearchField_001: Test Cases/TC_AmazonHome_Validate_SearchField_001

08-02-2024T09:40:43 - [TEST_STEP][PASSED] - openBrowser(""): Browser is opened with url: ''

08-02-2024T09:40:44 - [MESSAGE][INFO] - Starting 'Chrome' driver

08-02-2024T09:40:44 - [MESSAGE][INFO] - Action delay is set to 0 milliseconds

08-02-2024T09:40:46 - [MESSAGE][PASSED] - Browser is opened with url: ''

08-02-2024T09:40:46 - [TEST_STEP][PASSED] - navigateToUrl("https://www.amazon.com/"): Navigate to 'https://www.amazon.com/' successfully

08-02-2024T09:40:49 - [MESSAGE][PASSED] - Navigate to 'https://www.amazon.com/' successfully

08-02-2024T09:40:49 - [TEST_STEP][PASSED] - selectOptionByValue(findTestObject("Object Repository/Amazon_Validate_SearchField_OR/Page_Amazon.com. Spend less. Smile more/select_All Departments        Arts  Crafts _135c92"), "search-alias=stripbooks-intl-ship", true): All options with value 'search-alias=stripbooks-intl-ship' are selected in object 'Object Repository/Amazon_Validate_SearchField_OR/Page_Amazon.com. Spend less. Smile more/select_All Departments        Arts  Crafts _135c92'  using regular expression

08-02-2024T09:41:09 - [MESSAGE][PASSED] - All options with value 'search-alias=stripbooks-intl-ship' are selected in object 'Object Repository/Amazon_Validate_SearchField_OR/Page_Amazon.com. Spend less. Smile more/select_All Departments        Arts  Crafts _135c92'  using regular expression

08-02-2024T09:41:09 - [TEST_STEP][PASSED] - setText(findTestObject("Object Repository/Amazon_Validate_SearchField_OR/Page_Amazon.com. Spend less. Smile more/input_field-keywords"), "Da vinci code"): Text 'Da vinci code' is set on object 'Object Repository/Amazon_Validate_SearchField_OR/Page_Amazon.com. Spend less. Smile more/input_field-keywords'

08-02-2024T09:41:10 - [MESSAGE][PASSED] - Text 'Da vinci code' is set on object 'Object Repository/Amazon_Validate_SearchField_OR/Page_Amazon.com. Spend less. Smile more/input_field-keywords'

08-02-2024T09:41:10 - [TEST_STEP][PASSED] - click(findTestObject("Object Repository/Amazon_Validate_SearchField_OR/Page_Amazon.com. Spend less. Smile more/inputnav-search-submit-button")): Object: 'Object Repository/Amazon_Validate_SearchField_OR/Page_Amazon.com. Spend less. Smile more/inputnav-search-submit-button' is clicked on

08-02-2024T09:41:16 - [MESSAGE][PASSED] - Object: 'Object Repository/Amazon_Validate_SearchField_OR/Page_Amazon.com. Spend less. Smile more/inputnav-search-submit-button' is clicked on

08-02-2024T09:41:16 - [TEST_STEP][PASSED] - verifyElementText(findTestObject("Object Repository/Amazon_Validate_SearchField_OR/Page_Amazon.com  Da vinci code/span_Results"), "Results"): Actual text and expected text of test object 'Object Repository/Amazon_Validate_SearchField_OR/Page_Amazon.com  Da vinci code/span_Results' are matched.

08-02-2024T09:41:16 - [MESSAGE][PASSED] - Actual text and expected text of test object 'Object Repository/Amazon_Validate_SearchField_OR/Page_Amazon.com  Da vinci code/span_Results' are matched.

08-02-2024T09:41:16 - [TEST_STEP][PASSED] - verifyElementText(findTestObject("Object Repository/Amazon_Validate_SearchField_OR/Page_Amazon.com  Da vinci code/span_The Da Vinci Code (Robert Langdon)"), "The Da Vinci Code (Robert Langdon)"): Actual text and expected text of test object 'Object Repository/Amazon_Validate_SearchField_OR/Page_Amazon.com  Da vinci code/span_The Da Vinci Code (Robert Langdon)' are matched.

08-02-2024T09:41:17 - [MESSAGE][PASSED] - Actual text and expected text of test object 'Object Repository/Amazon_Validate_SearchField_OR/Page_Amazon.com  Da vinci code/span_The Da Vinci Code (Robert Langdon)' are matched.

08-02-2024T09:41:17 - [TEST_STEP][PASSED] - closeBrowser(): Browser is closed

08-02-2024T09:41:17 - [MESSAGE][PASSED] - Browser is closed]]></system-out>
         <system-err><![CDATA[]]></system-err>
      </testcase>
      <system-out><![CDATA[08-02-2024T09:40:43 - [TEST_SUITE][PASSED] - TS_AmazonHome_Validate_SerachField_001: Test Cases/TC_AmazonHome_Validate_SearchField_001]]></system-out>
      <system-err><![CDATA[]]></system-err>
   </testsuite>
</testsuites>
