<?xml version="1.0" encoding="UTF-8"?>
<testsuites name="Manual mode" time="29.724" tests="1" failures="0" errors="0">
   <testsuite name="Manual mode" tests="1" failures="0" errors="0" time="29.724" skipped="0" timestamp="08-02-2024T11:32:18" hostname="User - DESKTOP-RHVOQ3Q" id="Test Suites/Amazon Testsuite/Manual mode">
      <properties>
         <property name="deviceName" value=""/>
         <property name="devicePlatform" value=""/>
         <property name="logFolder" value="C:\\Users\\User\\git\\Amazon_Web_UI_Testing_001\\Reports\\20240208_113213\\Amazon Testsuite\\Manual mode\\20240208_113213"/>
         <property name="logFiles" value="C:\\Users\\User\\git\\Amazon_Web_UI_Testing_001\\Reports\\20240208_113213\\Amazon Testsuite\\Manual mode\\20240208_113213\\execution0.log"/>
         <property name="attachments" value=""/>
         <property name="hostName" value="User - DESKTOP-RHVOQ3Q"/>
         <property name="os" value="Windows 10 64bit"/>
         <property name="katalonVersion" value="9.2.0.212"/>
         <property name="browser" value="Chrome 121.0.0.0"/>
         <property name="hostAddress" value="192.168.1.11"/>
         <property name="sessionId" value="8af6e24669dfad941dc020421e5beb88"/>
         <property name="seleniumVersion" value="3.141.59"/>
         <property name="proxyInformation" value="ProxyInformation { proxyOption=NO_PROXY, proxyServerType=HTTP, username=, password=********, proxyServerAddress=, proxyServerPort=0, executionList=&quot;&quot;, isApplyToDesiredCapabilities=true }"/>
         <property name="platform" value="Windows 10"/>
      </properties>
      <testcase name="Test Cases/TC_Amazon/Manual mode/TC_AmazonHome_ValidateDeliver_Location_006" time="29.452" classname="Test Cases/TC_Amazon/Manual mode/TC_AmazonHome_ValidateDeliver_Location_006" status="PASSED">
         <system-out><![CDATA[08-02-2024T11:32:18 - [TEST_CASE][PASSED] - Test Cases/TC_Amazon/Manual mode/TC_AmazonHome_ValidateDeliver_Location_006: Test Cases/TC_Amazon/Manual mode/TC_AmazonHome_ValidateDeliver_Location_006

08-02-2024T11:32:18 - [TEST_STEP][PASSED] - openBrowser(""): Browser is opened with url: ''

08-02-2024T11:32:19 - [MESSAGE][INFO] - Starting 'Chrome' driver

08-02-2024T11:32:19 - [MESSAGE][INFO] - Action delay is set to 0 milliseconds

08-02-2024T11:32:21 - [MESSAGE][PASSED] - Browser is opened with url: ''

08-02-2024T11:32:21 - [TEST_STEP][PASSED] - navigateToUrl("https://www.amazon.com/"): Navigate to 'https://www.amazon.com/' successfully

08-02-2024T11:32:22 - [MESSAGE][PASSED] - Navigate to 'https://www.amazon.com/' successfully

08-02-2024T11:32:22 - [TEST_STEP][PASSED] - click(findTestObject("Object Repository/AmazonHome_ValidateDeliver_Location_OR/Page_Amazon.com. Spend less. Smile more/span_Deliver to")): Object: 'Object Repository/AmazonHome_ValidateDeliver_Location_OR/Page_Amazon.com. Spend less. Smile more/span_Deliver to' is clicked on

08-02-2024T11:32:35 - [MESSAGE][PASSED] - Object: 'Object Repository/AmazonHome_ValidateDeliver_Location_OR/Page_Amazon.com. Spend less. Smile more/span_Deliver to' is clicked on

08-02-2024T11:32:35 - [TEST_STEP][PASSED] - click(findTestObject("Object Repository/AmazonHome_ValidateDeliver_Location_OR/Page_Amazon.com. Spend less. Smile more/span_Ship outside the US")): Object: 'Object Repository/AmazonHome_ValidateDeliver_Location_OR/Page_Amazon.com. Spend less. Smile more/span_Ship outside the US' is clicked on

08-02-2024T11:32:36 - [MESSAGE][PASSED] - Object: 'Object Repository/AmazonHome_ValidateDeliver_Location_OR/Page_Amazon.com. Spend less. Smile more/span_Ship outside the US' is clicked on

08-02-2024T11:32:36 - [TEST_STEP][PASSED] - click(findTestObject("Object Repository/AmazonHome_ValidateDeliver_Location_OR/Page_Amazon.com. Spend less. Smile more/a_Singapore")): Object: 'Object Repository/AmazonHome_ValidateDeliver_Location_OR/Page_Amazon.com. Spend less. Smile more/a_Singapore' is clicked on

08-02-2024T11:32:37 - [MESSAGE][PASSED] - Object: 'Object Repository/AmazonHome_ValidateDeliver_Location_OR/Page_Amazon.com. Spend less. Smile more/a_Singapore' is clicked on

08-02-2024T11:32:37 - [TEST_STEP][PASSED] - click(findTestObject("Object Repository/AmazonHome_ValidateDeliver_Location_OR/Page_Amazon.com. Spend less. Smile more/button_Done")): Object: 'Object Repository/AmazonHome_ValidateDeliver_Location_OR/Page_Amazon.com. Spend less. Smile more/button_Done' is clicked on

08-02-2024T11:32:38 - [MESSAGE][PASSED] - Object: 'Object Repository/AmazonHome_ValidateDeliver_Location_OR/Page_Amazon.com. Spend less. Smile more/button_Done' is clicked on

08-02-2024T11:32:38 - [TEST_STEP][PASSED] - verifyElementPresent(findTestObject("Object Repository/AmazonHome_ValidateDeliver_Location_OR/Page_Amazon.com. Spend less. Smile more/span_Singapore"), 0): Object 'Object Repository/AmazonHome_ValidateDeliver_Location_OR/Page_Amazon.com. Spend less. Smile more/span_Singapore' is present

08-02-2024T11:32:38 - [MESSAGE][WARNING] - Timeout '0' is invalid. Using default page load timeout: '30'

08-02-2024T11:32:47 - [MESSAGE][PASSED] - Object 'Object Repository/AmazonHome_ValidateDeliver_Location_OR/Page_Amazon.com. Spend less. Smile more/span_Singapore' is present

08-02-2024T11:32:47 - [TEST_STEP][PASSED] - closeBrowser(): Browser is closed

08-02-2024T11:32:48 - [MESSAGE][PASSED] - Browser is closed]]></system-out>
         <system-err><![CDATA[]]></system-err>
      </testcase>
      <system-out><![CDATA[08-02-2024T11:32:18 - [TEST_SUITE][PASSED] - Manual mode: Test Cases/TC_Amazon/Manual mode/TC_AmazonHome_ValidateDeliver_Location_006]]></system-out>
      <system-err><![CDATA[]]></system-err>
   </testsuite>
</testsuites>
